#
# A fatal error has been detected by the Java Runtime Environment:
#
#  EXCEPTION_ACCESS_VIOLATION (0xc0000005) at pc=0x0000000056fbc4e5, pid=12404, tid=10552
#
# JRE version: Java(TM) SE Runtime Environment (10.0.1+10) (build 10.0.1+10)
# Java VM: Java HotSpot(TM) 64-Bit Server VM (10.0.1+10, mixed mode, tiered, compressed oops, g1 gc, windows-amd64)
# Problematic frame:
# V  [jvm.dll+0x54c4e5]
#
# No core dump will be written. Minidumps are not enabled by default on client versions of Windows
#
# If you would like to submit a bug report, please visit:
#   http://bugreport.java.com/bugreport/crash.jsp
#

---------------  S U M M A R Y ------------

Command Line: -agentlib:jdwp=transport=dt_socket,address=127.0.0.1:51697,suspend=y,server=n -javaagent:C:\Users\erwin\.IdeaIC2018.2\system\captureAgent\debugger-agent.jar=file:/C:/Users/erwin/AppData/Local/Temp/capture.props -Dfile.encoding=UTF-8 Model.AudioParser

Host: Intel(R) Core(TM) i5-5200U CPU @ 2.20GHz, 4 cores, 11G,  Windows 10 , 64 bit Build 17134 (10.0.17134.648)
Time: Sun Mar 17 17:08:41 2019 Malay Peninsula Standard Time elapsed time: 1029 seconds (0d 0h 17m 9s)

---------------  T H R E A D  ---------------

Current thread (0x000001a27763b000):  VMThread "VM Thread" [stack: 0x0000008c9f600000,0x0000008c9f700000] [id=10552]

Stack: [0x0000008c9f600000,0x0000008c9f700000],  sp=0x0000008c9f6ff598,  free space=1021k
Native frames: (J=compiled Java code, j=interpreted, Vv=VM code, C=native code)
V  [jvm.dll+0x54c4e5]


siginfo: EXCEPTION_ACCESS_VIOLATION (0xc0000005), reading address 0xffffffffffffffff


Register to memory mapping:

RIP=0x0000000056fbc4e5 jvm.dll
RAX=0x00a70000572669e0 is an unknown value
RBX=0x0000000000000000 is an unknown value
RCX=0x000001a277294fa8 is pointing into metadata
RDX=0x000001a253414001 is an unknown value
RSP=0x0000008c9f6ff598 is an unknown value
RBP=0x0000000056fbc4e0 jvm.dll
RSI=0x000001a253414000 is a thread
RDI=0x0000000000000000 is an unknown value
R8 =0x000000001ff44e81 is an unknown value
R9 =0x0000806b612cf439 is an unknown value
R10=0x000001a25e790000 is an unknown value
R11=0x0000008c9f6ff890 is an unknown value
R12=0x00000000571ed698 jvm.dll
R13=0x0000000057446940 jvm.dll
R14=0x000001a276dceb38 is an unknown value
R15=0x00000000000003d8 is an unknown value


Registers:
RAX=0x00a70000572669e0, RBX=0x0000000000000000, RCX=0x000001a277294fa8, RDX=0x000001a253414001
RSP=0x0000008c9f6ff598, RBP=0x0000000056fbc4e0, RSI=0x000001a253414000, RDI=0x0000000000000000
R8 =0x000000001ff44e81, R9 =0x0000806b612cf439, R10=0x000001a25e790000, R11=0x0000008c9f6ff890
R12=0x00000000571ed698, R13=0x0000000057446940, R14=0x000001a276dceb38, R15=0x00000000000003d8
RIP=0x0000000056fbc4e5, EFLAGS=0x0000000000010202

Top of Stack: (sp=0x0000008c9f6ff598)
0x0000008c9f6ff598:   00000000570f643a 0000000000000000
0x0000008c9f6ff5a8:   0000000200000002 431bde8200000000
0x0000008c9f6ff5b8:   0000000000000000 0000008c9ffff5f0
0x0000008c9f6ff5c8:   00000000570f8b10 000001a277d87e70
0x0000008c9f6ff5d8:   000001a277d87ee8 000001a27763b000
0x0000008c9f6ff5e8:   000001a276dceb38 0000000057286e40
0x0000008c9f6ff5f8:   0000000056fbc4e0 0000008c9f6ff6f0
0x0000008c9f6ff608:   0000000056fbc3ac 0000000000000001
0x0000008c9f6ff618:   0000000000000000 0000008c00000001
0x0000008c9f6ff628:   000001a277638f70 000001a276dce750
0x0000008c9f6ff638:   0000000056ee8646 0000008c9ffff5f0
0x0000008c9f6ff648:   0000000000000000 0000000000000000
0x0000008c9f6ff658:   0000000000000000 000001a2534118f0
0x0000008c9f6ff668:   0000000056ee4c00 0000000000000000
0x0000008c9f6ff678:   0000000000000000 0000000057446940
0x0000008c9f6ff688:   00000000571ed698 0000008c9ffff500 

Instructions: (pc=0x0000000056fbc4e5)
0x0000000056fbc4c5:   46 00 48 8b 5c 24 40 48 83 c4 20 5d c3 cc cc cc
0x0000000056fbc4d5:   cc cc cc cc cc cc cc cc cc cc cc 48 8b 01 b2 01
0x0000000056fbc4e5:   48 ff 60 68 cc cc cc cc cc cc cc 40 53 48 83 ec
0x0000000056fbc4f5:   20 48 8b 15 d3 48 46 00 48 8b d9 48 85 d2 74 21 


VM_Operation (0x0000008c9ffff5f0): RedefineClasses, mode: safepoint, requested by thread 0x000001a2779cf000


---------------  P R O C E S S  ---------------

Threads class SMR info:
_java_thread_list=0x000001a277ed5400, length=15, elements={
0x000001a253414000, 0x000001a27763d000, 0x000001a27763e800, 0x000001a277693800,
0x000001a277695800, 0x000001a2776a2800, 0x000001a2776a8800, 0x000001a2776cd000,
0x000001a2776f0800, 0x000001a2779cf000, 0x000001a2779c1000, 0x000001a2779c2000,
0x000001a277c15000, 0x000001a277ba8000, 0x000001a278221000
}

Java Threads: ( => current thread )
  0x000001a253414000 JavaThread "main" [_thread_blocked, id=2228, stack(0x0000008c9ea00000,0x0000008c9eb00000)]
  0x000001a27763d000 JavaThread "Reference Handler" daemon [_thread_blocked, id=12524, stack(0x0000008c9f700000,0x0000008c9f800000)]
  0x000001a27763e800 JavaThread "Finalizer" daemon [_thread_blocked, id=13792, stack(0x0000008c9f800000,0x0000008c9f900000)]
  0x000001a277693800 JavaThread "Signal Dispatcher" daemon [_thread_blocked, id=13960, stack(0x0000008c9f900000,0x0000008c9fa00000)]
  0x000001a277695800 JavaThread "Attach Listener" daemon [_thread_blocked, id=15060, stack(0x0000008c9fa00000,0x0000008c9fb00000)]
  0x000001a2776a2800 JavaThread "C2 CompilerThread0" daemon [_thread_blocked, id=9172, stack(0x0000008c9fb00000,0x0000008c9fc00000)]
  0x000001a2776a8800 JavaThread "C2 CompilerThread1" daemon [_thread_blocked, id=12172, stack(0x0000008c9fc00000,0x0000008c9fd00000)]
  0x000001a2776cd000 JavaThread "C1 CompilerThread2" daemon [_thread_blocked, id=6648, stack(0x0000008c9fd00000,0x0000008c9fe00000)]
  0x000001a2776f0800 JavaThread "Sweeper thread" daemon [_thread_blocked, id=10060, stack(0x0000008c9fe00000,0x0000008c9ff00000)]
  0x000001a2779cf000 JavaThread "JDWP Transport Listener: dt_socket" daemon [_thread_blocked, id=13396, stack(0x0000008c9ff00000,0x0000008ca0000000)]
  0x000001a2779c1000 JavaThread "JDWP Event Helper Thread" daemon [_thread_blocked, id=14044, stack(0x0000008ca0000000,0x0000008ca0100000)]
  0x000001a2779c2000 JavaThread "JDWP Command Reader" daemon [_thread_in_native, id=13580, stack(0x0000008ca0100000,0x0000008ca0200000)]
  0x000001a277c15000 JavaThread "Common-Cleaner" daemon [_thread_blocked, id=11176, stack(0x0000008ca0200000,0x0000008ca0300000)]
  0x000001a277ba8000 JavaThread "Service Thread" daemon [_thread_blocked, id=13668, stack(0x0000008ca0300000,0x0000008ca0400000)]
  0x000001a278221000 JavaThread "Abandoned connection cleanup thread" daemon [_thread_new_trans, id=13740, stack(0x0000008ca0500000,0x0000008ca0600000)]

Other Threads:
=>0x000001a27763b000 VMThread "VM Thread" [stack: 0x0000008c9f600000,0x0000008c9f700000] [id=10552]
  0x000001a277b02000 WatcherThread [stack: 0x0000008ca0400000,0x0000008ca0500000] [id=14088]
  0x000001a25342e000 GCTaskThread "GC Thread#0" [stack: 0x0000008c9eb00000,0x0000008c9ec00000] [id=14392]
  0x000001a25342f800 GCTaskThread "GC Thread#1" [stack: 0x0000008c9ec00000,0x0000008c9ed00000] [id=4068]
  0x000001a253431000 GCTaskThread "GC Thread#2" [stack: 0x0000008c9ed00000,0x0000008c9ee00000] [id=4048]
  0x000001a253434800 GCTaskThread "GC Thread#3" [stack: 0x0000008c9ee00000,0x0000008c9ef00000] [id=12300]
  0x000001a2534d8800 ConcurrentGCThread "G1 Main Marker" [stack: 0x0000008c9ef00000,0x0000008c9f000000] [id=14052]
  0x000001a2534db800 ConcurrentGCThread "G1 Conc#0" [stack: 0x0000008c9f000000,0x0000008c9f100000] [id=6732]
  0x000001a276cb9000 ConcurrentGCThread "G1 Refine#0" [stack: 0x0000008c9f100000,0x0000008c9f200000] [id=2076]
  0x000001a276cba000 ConcurrentGCThread "G1 Refine#1" [stack: 0x0000008c9f200000,0x0000008c9f300000] [id=896]
  0x000001a276cbc000 ConcurrentGCThread "G1 Refine#2" [stack: 0x0000008c9f300000,0x0000008c9f400000] [id=13712]
  0x000001a276cc6000 ConcurrentGCThread "G1 Refine#3" [stack: 0x0000008c9f400000,0x0000008c9f500000] [id=5152]
  0x000001a276cca000 ConcurrentGCThread "G1 Young RemSet Sampling" [stack: 0x0000008c9f500000,0x0000008c9f600000] [id=7208]

Threads with active compile tasks:

VM state:at safepoint (normal execution)

VM Mutex/Monitor currently owned by a thread:  ([mutex/lock_event])
[0x000001a253413120] Threads_lock - owner thread: 0x000001a27763b000

Heap address: 0x0000000701800000, size: 3048 MB, Compressed Oops mode: Zero based, Oop shift amount: 3
Narrow klass base: 0x0000000000000000, Narrow klass shift: 3
Compressed class space size: 1073741824 Address: 0x00000007c0000000

Heap:
 garbage-first heap   total 196608K, used 9248K [0x0000000701800000, 0x00000007c0000000)
  region size 1024K, 10 young (10240K), 2 survivors (2048K)
 Metaspace       used 8949K, capacity 9090K, committed 9344K, reserved 1058816K
  class space    used 778K, capacity 862K, committed 896K, reserved 1048576K
Heap Regions: E=young(eden), S=young(survivor), O=old, HS=humongous(starts), HC=humongous(continues), CS=collection set, F=free, A=archive, TS=gc time stamp, AC=allocation context, TAMS=top-at-mark-start (previous, next)
|   0|0x0000000701800000, 0x0000000701808200, 0x0000000701900000|  3%| O|  |TS  1|AC  0|TAMS 0x0000000701800000, 0x0000000701800000|
|   1|0x0000000701900000, 0x0000000701900000, 0x0000000701a00000|  0%| F|  |TS  0|AC  0|TAMS 0x0000000701900000, 0x0000000701900000|
|   2|0x0000000701a00000, 0x0000000701a00000, 0x0000000701b00000|  0%| F|  |TS  0|AC  0|TAMS 0x0000000701a00000, 0x0000000701a00000|
|   3|0x0000000701b00000, 0x0000000701b00000, 0x0000000701c00000|  0%| F|  |TS  0|AC  0|TAMS 0x0000000701b00000, 0x0000000701b00000|
|   4|0x0000000701c00000, 0x0000000701c00000, 0x0000000701d00000|  0%| F|  |TS  0|AC  0|TAMS 0x0000000701c00000, 0x0000000701c00000|
|   5|0x0000000701d00000, 0x0000000701d00000, 0x0000000701e00000|  0%| F|  |TS  0|AC  0|TAMS 0x0000000701d00000, 0x0000000701d00000|
|   6|0x0000000701e00000, 0x0000000701e00000, 0x0000000701f00000|  0%| F|  |TS  0|AC  0|TAMS 0x0000000701e00000, 0x0000000701e00000|
|   7|0x0000000701f00000, 0x0000000701f00000, 0x0000000702000000|  0%| F|  |TS  0|AC  0|TAMS 0x0000000701f00000, 0x0000000701f00000|
|   8|0x0000000702000000, 0x0000000702000000, 0x0000000702100000|  0%| F|  |TS  0|AC  0|TAMS 0x0000000702000000, 0x0000000702000000|
|   9|0x0000000702100000, 0x0000000702100000, 0x0000000702200000|  0%| F|  |TS  0|AC  0|TAMS 0x0000000702100000, 0x0000000702100000|
|  10|0x0000000702200000, 0x0000000702200000, 0x0000000702300000|  0%| F|  |TS  0|AC  0|TAMS 0x0000000702200000, 0x0000000702200000|
|  11|0x0000000702300000, 0x0000000702300000, 0x0000000702400000|  0%| F|  |TS  0|AC  0|TAMS 0x0000000702300000, 0x0000000702300000|
|  12|0x0000000702400000, 0x0000000702400000, 0x0000000702500000|  0%| F|  |TS  0|AC  0|TAMS 0x0000000702400000, 0x0000000702400000|
|  13|0x0000000702500000, 0x0000000702500000, 0x0000000702600000|  0%| F|  |TS  0|AC  0|TAMS 0x0000000702500000, 0x0000000702500000|
|  14|0x0000000702600000, 0x0000000702600000, 0x0000000702700000|  0%| F|  |TS  0|AC  0|TAMS 0x0000000702600000, 0x0000000702600000|
|  15|0x0000000702700000, 0x0000000702700000, 0x0000000702800000|  0%| F|  |TS  0|AC  0|TAMS 0x0000000702700000, 0x0000000702700000|
|  16|0x0000000702800000, 0x0000000702800000, 0x0000000702900000|  0%| F|  |TS  0|AC  0|TAMS 0x0000000702800000, 0x0000000702800000|
|  17|0x0000000702900000, 0x0000000702900000, 0x0000000702a00000|  0%| F|  |TS  0|AC  0|TAMS 0x0000000702900000, 0x0000000702900000|
|  18|0x0000000702a00000, 0x0000000702a00000, 0x0000000702b00000|  0%| F|  |TS  0|AC  0|TAMS 0x0000000702a00000, 0x0000000702a00000|
|  19|0x0000000702b00000, 0x0000000702b00000, 0x0000000702c00000|  0%| F|  |TS  0|AC  0|TAMS 0x0000000702b00000, 0x0000000702b00000|
|  20|0x0000000702c00000, 0x0000000702c00000, 0x0000000702d00000|  0%| F|  |TS  0|AC  0|TAMS 0x0000000702c00000, 0x0000000702c00000|
|  21|0x0000000702d00000, 0x0000000702d00000, 0x0000000702e00000|  0%| F|  |TS  0|AC  0|TAMS 0x0000000702d00000, 0x0000000702d00000|
|  22|0x0000000702e00000, 0x0000000702e00000, 0x0000000702f00000|  0%| F|  |TS  0|AC  0|TAMS 0x0000000702e00000, 0x0000000702e00000|
|  23|0x0000000702f00000, 0x0000000702f00000, 0x0000000703000000|  0%| F|  |TS  0|AC  0|TAMS 0x0000000702f00000, 0x0000000702f00000|
|  24|0x0000000703000000, 0x0000000703000000, 0x0000000703100000|  0%| F|  |TS  0|AC  0|TAMS 0x0000000703000000, 0x0000000703000000|
|  25|0x0000000703100000, 0x0000000703100000, 0x0000000703200000|  0%| F|  |TS  0|AC  0|TAMS 0x0000000703100000, 0x0000000703100000|
|  26|0x0000000703200000, 0x0000000703200000, 0x0000000703300000|  0%| F|  |TS  0|AC  0|TAMS 0x0000000703200000, 0x0000000703200000|
|  27|0x0000000703300000, 0x0000000703300000, 0x0000000703400000|  0%| F|  |TS  0|AC  0|TAMS 0x0000000703300000, 0x0000000703300000|
|  28|0x0000000703400000, 0x0000000703400000, 0x0000000703500000|  0%| F|  |TS  0|AC  0|TAMS 0x0000000703400000, 0x0000000703400000|
|  29|0x0000000703500000, 0x0000000703500000, 0x0000000703600000|  0%| F|  |TS  0|AC  0|TAMS 0x0000000703500000, 0x0000000703500000|
|  30|0x0000000703600000, 0x0000000703600000, 0x0000000703700000|  0%| F|  |TS  0|AC  0|TAMS 0x0000000703600000, 0x0000000703600000|
|  31|0x0000000703700000, 0x0000000703700000, 0x0000000703800000|  0%| F|  |TS  0|AC  0|TAMS 0x0000000703700000, 0x0000000703700000|
|  32|0x0000000703800000, 0x0000000703800000, 0x0000000703900000|  0%| F|  |TS  0|AC  0|TAMS 0x0000000703800000, 0x0000000703800000|
|  33|0x0000000703900000, 0x0000000703900000, 0x0000000703a00000|  0%| F|  |TS  0|AC  0|TAMS 0x0000000703900000, 0x0000000703900000|
|  34|0x0000000703a00000, 0x0000000703a00000, 0x0000000703b00000|  0%| F|  |TS  0|AC  0|TAMS 0x0000000703a00000, 0x0000000703a00000|
|  35|0x0000000703b00000, 0x0000000703b00000, 0x0000000703c00000|  0%| F|  |TS  0|AC  0|TAMS 0x0000000703b00000, 0x0000000703b00000|
|  36|0x0000000703c00000, 0x0000000703c00000, 0x0000000703d00000|  0%| F|  |TS  0|AC  0|TAMS 0x0000000703c00000, 0x0000000703c00000|
|  37|0x0000000703d00000, 0x0000000703d00000, 0x0000000703e00000|  0%| F|  |TS  0|AC  0|TAMS 0x0000000703d00000, 0x0000000703d00000|
|  38|0x0000000703e00000, 0x0000000703e00000, 0x0000000703f00000|  0%| F|  |TS  0|AC  0|TAMS 0x0000000703e00000, 0x0000000703e00000|
|  39|0x0000000703f00000, 0x0000000703f00000, 0x0000000704000000|  0%| F|  |TS  0|AC  0|TAMS 0x0000000703f00000, 0x0000000703f00000|
|  40|0x0000000704000000, 0x0000000704000000, 0x0000000704100000|  0%| F|  |TS  0|AC  0|TAMS 0x0000000704000000, 0x0000000704000000|
|  41|0x0000000704100000, 0x0000000704100000, 0x0000000704200000|  0%| F|  |TS  0|AC  0|TAMS 0x0000000704100000, 0x0000000704100000|
|  42|0x0000000704200000, 0x0000000704200000, 0x0000000704300000|  0%| F|  |TS  0|AC  0|TAMS 0x0000000704200000, 0x0000000704200000|
|  43|0x0000000704300000, 0x0000000704300000, 0x0000000704400000|  0%| F|  |TS  0|AC  0|TAMS 0x0000000704300000, 0x0000000704300000|
|  44|0x0000000704400000, 0x0000000704400000, 0x0000000704500000|  0%| F|  |TS  0|AC  0|TAMS 0x0000000704400000, 0x0000000704400000|
|  45|0x0000000704500000, 0x0000000704500000, 0x0000000704600000|  0%| F|  |TS  0|AC  0|TAMS 0x0000000704500000, 0x0000000704500000|
|  46|0x0000000704600000, 0x0000000704600000, 0x0000000704700000|  0%| F|  |TS  0|AC  0|TAMS 0x0000000704600000, 0x0000000704600000|
|  47|0x0000000704700000, 0x0000000704700000, 0x0000000704800000|  0%| F|  |TS  0|AC  0|TAMS 0x0000000704700000, 0x0000000704700000|
|  48|0x0000000704800000, 0x0000000704800000, 0x0000000704900000|  0%| F|  |TS  0|AC  0|TAMS 0x0000000704800000, 0x0000000704800000|
|  49|0x0000000704900000, 0x0000000704900000, 0x0000000704a00000|  0%| F|  |TS  0|AC  0|TAMS 0x0000000704900000, 0x0000000704900000|
|  50|0x0000000704a00000, 0x0000000704a00000, 0x0000000704b00000|  0%| F|  |TS  0|AC  0|TAMS 0x0000000704a00000, 0x0000000704a00000|
|  51|0x0000000704b00000, 0x0000000704b00000, 0x0000000704c00000|  0%| F|  |TS  0|AC  0|TAMS 0x0000000704b00000, 0x0000000704b00000|
|  52|0x0000000704c00000, 0x0000000704c00000, 0x0000000704d00000|  0%| F|  |TS  0|AC  0|TAMS 0x0000000704c00000, 0x0000000704c00000|
|  53|0x0000000704d00000, 0x0000000704d00000, 0x0000000704e00000|  0%| F|  |TS  0|AC  0|TAMS 0x0000000704d00000, 0x0000000704d00000|
|  54|0x0000000704e00000, 0x0000000704e00000, 0x0000000704f00000|  0%| F|  |TS  0|AC  0|TAMS 0x0000000704e00000, 0x0000000704e00000|
|  55|0x0000000704f00000, 0x0000000704f00000, 0x0000000705000000|  0%| F|  |TS  0|AC  0|TAMS 0x0000000704f00000, 0x0000000704f00000|
|  56|0x0000000705000000, 0x0000000705000000, 0x0000000705100000|  0%| F|  |TS  0|AC  0|TAMS 0x0000000705000000, 0x0000000705000000|
|  57|0x0000000705100000, 0x0000000705100000, 0x0000000705200000|  0%| F|  |TS  0|AC  0|TAMS 0x0000000705100000, 0x0000000705100000|
|  58|0x0000000705200000, 0x0000000705200000, 0x0000000705300000|  0%| F|  |TS  0|AC  0|TAMS 0x0000000705200000, 0x0000000705200000|
|  59|0x0000000705300000, 0x0000000705300000, 0x0000000705400000|  0%| F|  |TS  0|AC  0|TAMS 0x0000000705300000, 0x0000000705300000|
|  60|0x0000000705400000, 0x0000000705400000, 0x0000000705500000|  0%| F|  |TS  0|AC  0|TAMS 0x0000000705400000, 0x0000000705400000|
|  61|0x0000000705500000, 0x0000000705500000, 0x0000000705600000|  0%| F|  |TS  0|AC  0|TAMS 0x0000000705500000, 0x0000000705500000|
|  62|0x0000000705600000, 0x0000000705600000, 0x0000000705700000|  0%| F|  |TS  0|AC  0|TAMS 0x0000000705600000, 0x0000000705600000|
|  63|0x0000000705700000, 0x0000000705700000, 0x0000000705800000|  0%| F|  |TS  0|AC  0|TAMS 0x0000000705700000, 0x0000000705700000|
|  64|0x0000000705800000, 0x0000000705800000, 0x0000000705900000|  0%| F|  |TS  0|AC  0|TAMS 0x0000000705800000, 0x0000000705800000|
|  65|0x0000000705900000, 0x0000000705900000, 0x0000000705a00000|  0%| F|  |TS  0|AC  0|TAMS 0x0000000705900000, 0x0000000705900000|
|  66|0x0000000705a00000, 0x0000000705a00000, 0x0000000705b00000|  0%| F|  |TS  0|AC  0|TAMS 0x0000000705a00000, 0x0000000705a00000|
|  67|0x0000000705b00000, 0x0000000705b00000, 0x0000000705c00000|  0%| F|  |TS  0|AC  0|TAMS 0x0000000705b00000, 0x0000000705b00000|
|  68|0x0000000705c00000, 0x0000000705c00000, 0x0000000705d00000|  0%| F|  |TS  0|AC  0|TAMS 0x0000000705c00000, 0x0000000705c00000|
|  69|0x0000000705d00000, 0x0000000705d00000, 0x0000000705e00000|  0%| F|  |TS  0|AC  0|TAMS 0x0000000705d00000, 0x0000000705d00000|
|  70|0x0000000705e00000, 0x0000000705e00000, 0x0000000705f00000|  0%| F|  |TS  0|AC  0|TAMS 0x0000000705e00000, 0x0000000705e00000|
|  71|0x0000000705f00000, 0x0000000705f00000, 0x0000000706000000|  0%| F|  |TS  0|AC  0|TAMS 0x0000000705f00000, 0x0000000705f00000|
|  72|0x0000000706000000, 0x0000000706000000, 0x0000000706100000|  0%| F|  |TS  0|AC  0|TAMS 0x0000000706000000, 0x0000000706000000|
|  73|0x0000000706100000, 0x0000000706100000, 0x0000000706200000|  0%| F|  |TS  0|AC  0|TAMS 0x0000000706100000, 0x0000000706100000|
|  74|0x0000000706200000, 0x0000000706200000, 0x0000000706300000|  0%| F|  |TS  0|AC  0|TAMS 0x0000000706200000, 0x0000000706200000|
|  75|0x0000000706300000, 0x0000000706300000, 0x0000000706400000|  0%| F|  |TS  0|AC  0|TAMS 0x0000000706300000, 0x0000000706300000|
|  76|0x0000000706400000, 0x0000000706400000, 0x0000000706500000|  0%| F|  |TS  0|AC  0|TAMS 0x0000000706400000, 0x0000000706400000|
|  77|0x0000000706500000, 0x0000000706500000, 0x0000000706600000|  0%| F|  |TS  0|AC  0|TAMS 0x0000000706500000, 0x0000000706500000|
|  78|0x0000000706600000, 0x0000000706600000, 0x0000000706700000|  0%| F|  |TS  0|AC  0|TAMS 0x0000000706600000, 0x0000000706600000|
|  79|0x0000000706700000, 0x0000000706700000, 0x0000000706800000|  0%| F|  |TS  0|AC  0|TAMS 0x0000000706700000, 0x0000000706700000|
|  80|0x0000000706800000, 0x0000000706800000, 0x0000000706900000|  0%| F|  |TS  0|AC  0|TAMS 0x0000000706800000, 0x0000000706800000|
|  81|0x0000000706900000, 0x0000000706900000, 0x0000000706a00000|  0%| F|  |TS  0|AC  0|TAMS 0x0000000706900000, 0x0000000706900000|
|  82|0x0000000706a00000, 0x0000000706a00000, 0x0000000706b00000|  0%| F|  |TS  0|AC  0|TAMS 0x0000000706a00000, 0x0000000706a00000|
|  83|0x0000000706b00000, 0x0000000706b00000, 0x0000000706c00000|  0%| F|  |TS  0|AC  0|TAMS 0x0000000706b00000, 0x0000000706b00000|
|  84|0x0000000706c00000, 0x0000000706c00000, 0x0000000706d00000|  0%| F|  |TS  0|AC  0|TAMS 0x0000000706c00000, 0x0000000706c00000|
|  85|0x0000000706d00000, 0x0000000706d00000, 0x0000000706e00000|  0%| F|  |TS  0|AC  0|TAMS 0x0000000706d00000, 0x0000000706d00000|
|  86|0x0000000706e00000, 0x0000000706e00000, 0x0000000706f00000|  0%| F|  |TS  0|AC  0|TAMS 0x0000000706e00000, 0x0000000706e00000|
|  87|0x0000000706f00000, 0x0000000706f00000, 0x0000000707000000|  0%| F|  |TS  0|AC  0|TAMS 0x0000000706f00000, 0x0000000706f00000|
|  88|0x0000000707000000, 0x0000000707000000, 0x0000000707100000|  0%| F|  |TS  0|AC  0|TAMS 0x0000000707000000, 0x0000000707000000|
|  89|0x0000000707100000, 0x0000000707100000, 0x0000000707200000|  0%| F|  |TS  0|AC  0|TAMS 0x0000000707100000, 0x0000000707100000|
|  90|0x0000000707200000, 0x0000000707200000, 0x0000000707300000|  0%| F|  |TS  0|AC  0|TAMS 0x0000000707200000, 0x0000000707200000|
|  91|0x0000000707300000, 0x0000000707300000, 0x0000000707400000|  0%| F|  |TS  0|AC  0|TAMS 0x0000000707300000, 0x0000000707300000|
|  92|0x0000000707400000, 0x0000000707400000, 0x0000000707500000|  0%| F|  |TS  0|AC  0|TAMS 0x0000000707400000, 0x0000000707400000|
|  93|0x0000000707500000, 0x0000000707500000, 0x0000000707600000|  0%| F|  |TS  0|AC  0|TAMS 0x0000000707500000, 0x0000000707500000|
|  94|0x0000000707600000, 0x0000000707600000, 0x0000000707700000|  0%| F|  |TS  0|AC  0|TAMS 0x0000000707600000, 0x0000000707600000|
|  95|0x0000000707700000, 0x0000000707700000, 0x0000000707800000|  0%| F|  |TS  0|AC  0|TAMS 0x0000000707700000, 0x0000000707700000|
|  96|0x0000000707800000, 0x0000000707800000, 0x0000000707900000|  0%| F|  |TS  0|AC  0|TAMS 0x0000000707800000, 0x0000000707800000|
|  97|0x0000000707900000, 0x0000000707900000, 0x0000000707a00000|  0%| F|  |TS  0|AC  0|TAMS 0x0000000707900000, 0x0000000707900000|
|  98|0x0000000707a00000, 0x0000000707a00000, 0x0000000707b00000|  0%| F|  |TS  0|AC  0|TAMS 0x0000000707a00000, 0x0000000707a00000|
|  99|0x0000000707b00000, 0x0000000707b00000, 0x0000000707c00000|  0%| F|  |TS  0|AC  0|TAMS 0x0000000707b00000, 0x0000000707b00000|
| 100|0x0000000707c00000, 0x0000000707c00000, 0x0000000707d00000|  0%| F|  |TS  0|AC  0|TAMS 0x0000000707c00000, 0x0000000707c00000|
| 101|0x0000000707d00000, 0x0000000707d00000, 0x0000000707e00000|  0%| F|  |TS  0|AC  0|TAMS 0x0000000707d00000, 0x0000000707d00000|
| 102|0x0000000707e00000, 0x0000000707e00000, 0x0000000707f00000|  0%| F|  |TS  0|AC  0|TAMS 0x0000000707e00000, 0x0000000707e00000|
| 103|0x0000000707f00000, 0x0000000707f00000, 0x0000000708000000|  0%| F|  |TS  0|AC  0|TAMS 0x0000000707f00000, 0x0000000707f00000|
| 104|0x0000000708000000, 0x0000000708000000, 0x0000000708100000|  0%| F|  |TS  0|AC  0|TAMS 0x0000000708000000, 0x0000000708000000|
| 105|0x0000000708100000, 0x0000000708100000, 0x0000000708200000|  0%| F|  |TS  0|AC  0|TAMS 0x0000000708100000, 0x0000000708100000|
| 106|0x0000000708200000, 0x0000000708200000, 0x0000000708300000|  0%| F|  |TS  0|AC  0|TAMS 0x0000000708200000, 0x0000000708200000|
| 107|0x0000000708300000, 0x0000000708300000, 0x0000000708400000|  0%| F|  |TS  0|AC  0|TAMS 0x0000000708300000, 0x0000000708300000|
| 108|0x0000000708400000, 0x0000000708400000, 0x0000000708500000|  0%| F|  |TS  0|AC  0|TAMS 0x0000000708400000, 0x0000000708400000|
| 109|0x0000000708500000, 0x0000000708500000, 0x0000000708600000|  0%| F|  |TS  0|AC  0|TAMS 0x0000000708500000, 0x0000000708500000|
| 110|0x0000000708600000, 0x0000000708600000, 0x0000000708700000|  0%| F|  |TS  0|AC  0|TAMS 0x0000000708600000, 0x0000000708600000|
| 111|0x0000000708700000, 0x0000000708700000, 0x0000000708800000|  0%| F|  |TS  0|AC  0|TAMS 0x0000000708700000, 0x0000000708700000|
| 112|0x0000000708800000, 0x0000000708800000, 0x0000000708900000|  0%| F|  |TS  0|AC  0|TAMS 0x0000000708800000, 0x0000000708800000|
| 113|0x0000000708900000, 0x0000000708900000, 0x0000000708a00000|  0%| F|  |TS  0|AC  0|TAMS 0x0000000708900000, 0x0000000708900000|
| 114|0x0000000708a00000, 0x0000000708a00000, 0x0000000708b00000|  0%| F|  |TS  0|AC  0|TAMS 0x0000000708a00000, 0x0000000708a00000|
| 115|0x0000000708b00000, 0x0000000708b00000, 0x0000000708c00000|  0%| F|  |TS  0|AC  0|TAMS 0x0000000708b00000, 0x0000000708b00000|
| 116|0x0000000708c00000, 0x0000000708c00000, 0x0000000708d00000|  0%| F|  |TS  0|AC  0|TAMS 0x0000000708c00000, 0x0000000708c00000|
| 117|0x0000000708d00000, 0x0000000708d00000, 0x0000000708e00000|  0%| F|  |TS  0|AC  0|TAMS 0x0000000708d00000, 0x0000000708d00000|
| 118|0x0000000708e00000, 0x0000000708e00000, 0x0000000708f00000|  0%| F|  |TS  0|AC  0|TAMS 0x0000000708e00000, 0x0000000708e00000|
| 119|0x0000000708f00000, 0x0000000708f00000, 0x0000000709000000|  0%| F|  |TS  0|AC  0|TAMS 0x0000000708f00000, 0x0000000708f00000|
| 120|0x0000000709000000, 0x0000000709000000, 0x0000000709100000|  0%| F|  |TS  0|AC  0|TAMS 0x0000000709000000, 0x0000000709000000|
| 121|0x0000000709100000, 0x0000000709100000, 0x0000000709200000|  0%| F|  |TS  0|AC  0|TAMS 0x0000000709100000, 0x0000000709100000|
| 122|0x0000000709200000, 0x0000000709200000, 0x0000000709300000|  0%| F|  |TS  0|AC  0|TAMS 0x0000000709200000, 0x0000000709200000|
| 123|0x0000000709300000, 0x0000000709300000, 0x0000000709400000|  0%| F|  |TS  0|AC  0|TAMS 0x0000000709300000, 0x0000000709300000|
| 124|0x0000000709400000, 0x0000000709400000, 0x0000000709500000|  0%| F|  |TS  0|AC  0|TAMS 0x0000000709400000, 0x0000000709400000|
| 125|0x0000000709500000, 0x0000000709500000, 0x0000000709600000|  0%| F|  |TS  0|AC  0|TAMS 0x0000000709500000, 0x0000000709500000|
| 126|0x0000000709600000, 0x0000000709600000, 0x0000000709700000|  0%| F|  |TS  0|AC  0|TAMS 0x0000000709600000, 0x0000000709600000|
| 127|0x0000000709700000, 0x0000000709700000, 0x0000000709800000|  0%| F|  |TS  0|AC  0|TAMS 0x0000000709700000, 0x0000000709700000|
| 128|0x0000000709800000, 0x0000000709800000, 0x0000000709900000|  0%| F|  |TS  0|AC  0|TAMS 0x0000000709800000, 0x0000000709800000|
| 129|0x0000000709900000, 0x0000000709900000, 0x0000000709a00000|  0%| F|  |TS  0|AC  0|TAMS 0x0000000709900000, 0x0000000709900000|
| 130|0x0000000709a00000, 0x0000000709a00000, 0x0000000709b00000|  0%| F|  |TS  0|AC  0|TAMS 0x0000000709a00000, 0x0000000709a00000|
| 131|0x0000000709b00000, 0x0000000709b00000, 0x0000000709c00000|  0%| F|  |TS  0|AC  0|TAMS 0x0000000709b00000, 0x0000000709b00000|
| 132|0x0000000709c00000, 0x0000000709c00000, 0x0000000709d00000|  0%| F|  |TS  0|AC  0|TAMS 0x0000000709c00000, 0x0000000709c00000|
| 133|0x0000000709d00000, 0x0000000709d00000, 0x0000000709e00000|  0%| F|  |TS  0|AC  0|TAMS 0x0000000709d00000, 0x0000000709d00000|
| 134|0x0000000709e00000, 0x0000000709e00000, 0x0000000709f00000|  0%| F|  |TS  0|AC  0|TAMS 0x0000000709e00000, 0x0000000709e00000|
| 135|0x0000000709f00000, 0x0000000709f00000, 0x000000070a000000|  0%| F|  |TS  0|AC  0|TAMS 0x0000000709f00000, 0x0000000709f00000|
| 136|0x000000070a000000, 0x000000070a000000, 0x000000070a100000|  0%| F|  |TS  0|AC  0|TAMS 0x000000070a000000, 0x000000070a000000|
| 137|0x000000070a100000, 0x000000070a100000, 0x000000070a200000|  0%| F|  |TS  0|AC  0|TAMS 0x000000070a100000, 0x000000070a100000|
| 138|0x000000070a200000, 0x000000070a200000, 0x000000070a300000|  0%| F|  |TS  0|AC  0|TAMS 0x000000070a200000, 0x000000070a200000|
| 139|0x000000070a300000, 0x000000070a300000, 0x000000070a400000|  0%| F|  |TS  0|AC  0|TAMS 0x000000070a300000, 0x000000070a300000|
| 140|0x000000070a400000, 0x000000070a400000, 0x000000070a500000|  0%| F|  |TS  0|AC  0|TAMS 0x000000070a400000, 0x000000070a400000|
| 141|0x000000070a500000, 0x000000070a500000, 0x000000070a600000|  0%| F|  |TS  0|AC  0|TAMS 0x000000070a500000, 0x000000070a500000|
| 142|0x000000070a600000, 0x000000070a600000, 0x000000070a700000|  0%| F|  |TS  0|AC  0|TAMS 0x000000070a600000, 0x000000070a600000|
| 143|0x000000070a700000, 0x000000070a700000, 0x000000070a800000|  0%| F|  |TS  0|AC  0|TAMS 0x000000070a700000, 0x000000070a700000|
| 144|0x000000070a800000, 0x000000070a800000, 0x000000070a900000|  0%| F|  |TS  0|AC  0|TAMS 0x000000070a800000, 0x000000070a800000|
| 145|0x000000070a900000, 0x000000070a900000, 0x000000070aa00000|  0%| F|  |TS  0|AC  0|TAMS 0x000000070a900000, 0x000000070a900000|
| 146|0x000000070aa00000, 0x000000070aa00000, 0x000000070ab00000|  0%| F|  |TS  0|AC  0|TAMS 0x000000070aa00000, 0x000000070aa00000|
| 147|0x000000070ab00000, 0x000000070ab00000, 0x000000070ac00000|  0%| F|  |TS  0|AC  0|TAMS 0x000000070ab00000, 0x000000070ab00000|
| 148|0x000000070ac00000, 0x000000070ac00000, 0x000000070ad00000|  0%| F|  |TS  0|AC  0|TAMS 0x000000070ac00000, 0x000000070ac00000|
| 149|0x000000070ad00000, 0x000000070ad00000, 0x000000070ae00000|  0%| F|  |TS  0|AC  0|TAMS 0x000000070ad00000, 0x000000070ad00000|
| 150|0x000000070ae00000, 0x000000070ae00000, 0x000000070af00000|  0%| F|  |TS  0|AC  0|TAMS 0x000000070ae00000, 0x000000070ae00000|
| 151|0x000000070af00000, 0x000000070af00000, 0x000000070b000000|  0%| F|  |TS  0|AC  0|TAMS 0x000000070af00000, 0x000000070af00000|
| 152|0x000000070b000000, 0x000000070b000000, 0x000000070b100000|  0%| F|  |TS  0|AC  0|TAMS 0x000000070b000000, 0x000000070b000000|
| 153|0x000000070b100000, 0x000000070b100000, 0x000000070b200000|  0%| F|  |TS  0|AC  0|TAMS 0x000000070b100000, 0x000000070b100000|
| 154|0x000000070b200000, 0x000000070b200000, 0x000000070b300000|  0%| F|  |TS  0|AC  0|TAMS 0x000000070b200000, 0x000000070b200000|
| 155|0x000000070b300000, 0x000000070b300000, 0x000000070b400000|  0%| F|  |TS  0|AC  0|TAMS 0x000000070b300000, 0x000000070b300000|
| 156|0x000000070b400000, 0x000000070b400000, 0x000000070b500000|  0%| F|  |TS  0|AC  0|TAMS 0x000000070b400000, 0x000000070b400000|
| 157|0x000000070b500000, 0x000000070b500000, 0x000000070b600000|  0%| F|  |TS  0|AC  0|TAMS 0x000000070b500000, 0x000000070b500000|
| 158|0x000000070b600000, 0x000000070b600000, 0x000000070b700000|  0%| F|  |TS  0|AC  0|TAMS 0x000000070b600000, 0x000000070b600000|
| 159|0x000000070b700000, 0x000000070b700000, 0x000000070b800000|  0%| F|  |TS  0|AC  0|TAMS 0x000000070b700000, 0x000000070b700000|
| 160|0x000000070b800000, 0x000000070b800000, 0x000000070b900000|  0%| F|  |TS  0|AC  0|TAMS 0x000000070b800000, 0x000000070b800000|
| 161|0x000000070b900000, 0x000000070b900000, 0x000000070ba00000|  0%| F|  |TS  0|AC  0|TAMS 0x000000070b900000, 0x000000070b900000|
| 162|0x000000070ba00000, 0x000000070ba00000, 0x000000070bb00000|  0%| F|  |TS  0|AC  0|TAMS 0x000000070ba00000, 0x000000070ba00000|
| 163|0x000000070bb00000, 0x000000070bb00000, 0x000000070bc00000|  0%| F|  |TS  0|AC  0|TAMS 0x000000070bb00000, 0x000000070bb00000|
| 164|0x000000070bc00000, 0x000000070bc00000, 0x000000070bd00000|  0%| F|  |TS  0|AC  0|TAMS 0x000000070bc00000, 0x000000070bc00000|
| 165|0x000000070bd00000, 0x000000070bd00000, 0x000000070be00000|  0%| F|  |TS  0|AC  0|TAMS 0x000000070bd00000, 0x000000070bd00000|
| 166|0x000000070be00000, 0x000000070be00000, 0x000000070bf00000|  0%| F|  |TS  0|AC  0|TAMS 0x000000070be00000, 0x000000070be00000|
| 167|0x000000070bf00000, 0x000000070bf00000, 0x000000070c000000|  0%| F|  |TS  0|AC  0|TAMS 0x000000070bf00000, 0x000000070bf00000|
| 168|0x000000070c000000, 0x000000070c000000, 0x000000070c100000|  0%| F|  |TS  0|AC  0|TAMS 0x000000070c000000, 0x000000070c000000|
| 169|0x000000070c100000, 0x000000070c100000, 0x000000070c200000|  0%| F|  |TS  0|AC  0|TAMS 0x000000070c100000, 0x000000070c100000|
| 170|0x000000070c200000, 0x000000070c200000, 0x000000070c300000|  0%| F|  |TS  0|AC  0|TAMS 0x000000070c200000, 0x000000070c200000|
| 171|0x000000070c300000, 0x000000070c300000, 0x000000070c400000|  0%| F|  |TS  0|AC  0|TAMS 0x000000070c300000, 0x000000070c300000|
| 172|0x000000070c400000, 0x000000070c400000, 0x000000070c500000|  0%| F|  |TS  0|AC  0|TAMS 0x000000070c400000, 0x000000070c400000|
| 173|0x000000070c500000, 0x000000070c500000, 0x000000070c600000|  0%| F|  |TS  0|AC  0|TAMS 0x000000070c500000, 0x000000070c500000|
| 174|0x000000070c600000, 0x000000070c600000, 0x000000070c700000|  0%| F|  |TS  0|AC  0|TAMS 0x000000070c600000, 0x000000070c600000|
| 175|0x000000070c700000, 0x000000070c700000, 0x000000070c800000|  0%| F|  |TS  0|AC  0|TAMS 0x000000070c700000, 0x000000070c700000|
| 176|0x000000070c800000, 0x000000070c900000, 0x000000070c900000|100%| S|CS|TS  1|AC  0|TAMS 0x000000070c800000, 0x000000070c800000|
| 177|0x000000070c900000, 0x000000070ca00000, 0x000000070ca00000|100%| S|CS|TS  1|AC  0|TAMS 0x000000070c900000, 0x000000070c900000|
| 178|0x000000070ca00000, 0x000000070ca00000, 0x000000070cb00000|  0%| F|  |TS  1|AC  0|TAMS 0x000000070ca00000, 0x000000070ca00000|
| 179|0x000000070cb00000, 0x000000070cb00000, 0x000000070cc00000|  0%| F|  |TS  1|AC  0|TAMS 0x000000070cb00000, 0x000000070cb00000|
| 180|0x000000070cc00000, 0x000000070cc00000, 0x000000070cd00000|  0%| F|  |TS  1|AC  0|TAMS 0x000000070cc00000, 0x000000070cc00000|
| 181|0x000000070cd00000, 0x000000070cd00000, 0x000000070ce00000|  0%| F|  |TS  1|AC  0|TAMS 0x000000070cd00000, 0x000000070cd00000|
| 182|0x000000070ce00000, 0x000000070ce00000, 0x000000070cf00000|  0%| F|  |TS  1|AC  0|TAMS 0x000000070ce00000, 0x000000070ce00000|
| 183|0x000000070cf00000, 0x000000070cf00000, 0x000000070d000000|  0%| F|  |TS  1|AC  0|TAMS 0x000000070cf00000, 0x000000070cf00000|
| 184|0x000000070d000000, 0x000000070d080800, 0x000000070d100000| 50%| E|  |TS  1|AC  0|TAMS 0x000000070d000000, 0x000000070d000000|
| 185|0x000000070d100000, 0x000000070d200000, 0x000000070d200000|100%| E|CS|TS  1|AC  0|TAMS 0x000000070d100000, 0x000000070d100000|
| 186|0x000000070d200000, 0x000000070d300000, 0x000000070d300000|100%| E|CS|TS  1|AC  0|TAMS 0x000000070d200000, 0x000000070d200000|
| 187|0x000000070d300000, 0x000000070d400000, 0x000000070d400000|100%| E|CS|TS  1|AC  0|TAMS 0x000000070d300000, 0x000000070d300000|
| 188|0x000000070d400000, 0x000000070d500000, 0x000000070d500000|100%| E|CS|TS  1|AC  0|TAMS 0x000000070d400000, 0x000000070d400000|
| 189|0x000000070d500000, 0x000000070d600000, 0x000000070d600000|100%| E|CS|TS  1|AC  0|TAMS 0x000000070d500000, 0x000000070d500000|
| 190|0x000000070d600000, 0x000000070d700000, 0x000000070d700000|100%| E|CS|TS  1|AC  0|TAMS 0x000000070d600000, 0x000000070d600000|
| 191|0x000000070d700000, 0x000000070d800000, 0x000000070d800000|100%| E|CS|TS  1|AC  0|TAMS 0x000000070d700000, 0x000000070d700000|

Card table byte_map: [0x000001a26dd90000,0x000001a26e390000] byte_map_base: 0x000001a26a584000

Marking Bits (Prev, Next): (CMBitMap*) 0x000001a2534d8140, (CMBitMap*) 0x000001a2534d8178
 Prev Bits: [0x000001a26e990000, 0x000001a271930000)
 Next Bits: [0x000001a271930000, 0x000001a2748d0000)

Polling page: 0x000001a251270000

CodeHeap 'non-profiled nmethods': size=120064Kb used=290Kb max_used=290Kb free=119773Kb
 bounds [0x000001a266250000, 0x000001a2664c0000, 0x000001a26d790000]
CodeHeap 'profiled nmethods': size=120000Kb used=1158Kb max_used=1158Kb free=118841Kb
 bounds [0x000001a25ed20000, 0x000001a25ef90000, 0x000001a266250000]
CodeHeap 'non-nmethods': size=5696Kb used=1152Kb max_used=1161Kb free=4543Kb
 bounds [0x000001a25e790000, 0x000001a25ea00000, 0x000001a25ed20000]
 total_blobs=1256 nmethods=726 adapters=287
 compilation: enabled

Compilation events (10 events):
Event: 2.062 Thread 0x000001a2776cd000  727       3       java.lang.invoke.InvokerBytecodeGenerator::isStaticallyInvocable (169 bytes)
Event: 2.067 Thread 0x000001a2776cd000 nmethod 727 0x000001a25ee3cc90 code [0x000001a25ee3d160, 0x000001a25ee3f910]
Event: 2.067 Thread 0x000001a2776cd000  724       3       java.lang.invoke.InvokerBytecodeGenerator::emitStoreResult (27 bytes)
Event: 2.068 Thread 0x000001a2776cd000 nmethod 724 0x000001a25ee40590 code [0x000001a25ee40780, 0x000001a25ee40b40]
Event: 2.068 Thread 0x000001a2776cd000  725       3       java.lang.reflect.Modifier::isPrivate (12 bytes)
Event: 2.068 Thread 0x000001a2776cd000 nmethod 725 0x000001a25ee40d10 code [0x000001a25ee40ec0, 0x000001a25ee41058]
Event: 2.068 Thread 0x000001a2776cd000  726       3       java.lang.invoke.LambdaForm$NamedFunction::member (26 bytes)
Event: 2.068 Thread 0x000001a2776cd000 nmethod 726 0x000001a25ee41110 code [0x000001a25ee412c0, 0x000001a25ee41438]
Event: 2.068 Thread 0x000001a2776cd000  722       3       java.lang.invoke.LambdaForm$Name::withConstraint (20 bytes)
Event: 2.068 Thread 0x000001a2776cd000 nmethod 722 0x000001a25ee41510 code [0x000001a25ee416e0, 0x000001a25ee41930]

GC Heap History (2 events):
Event: 1.417 GC heap before
{Heap before GC invocations=0 (full 0):
 garbage-first heap   total 196608K, used 14336K [0x0000000701800000, 0x00000007c0000000)
  region size 1024K, 14 young (14336K), 0 survivors (0K)
 Metaspace       used 7988K, capacity 8107K, committed 8192K, reserved 1056768K
  class space    used 679K, capacity 722K, committed 768K, reserved 1048576K
}
Event: 1.426 GC heap after
{Heap after GC invocations=1 (full 0):
 garbage-first heap   total 196608K, used 2080K [0x0000000701800000, 0x00000007c0000000)
  region size 1024K, 2 young (2048K), 2 survivors (2048K)
 Metaspace       used 7988K, capacity 8107K, committed 8192K, reserved 1056768K
  class space    used 679K, capacity 722K, committed 768K, reserved 1048576K
}

Deoptimization events (10 events):
Event: 0.384 Thread 0x000001a253414000 Uncommon trap: reason=unstable_if action=reinterpret pc=0x000001a266254014 method=java.lang.String.hashCode()I @ 14 c2
Event: 0.661 Thread 0x000001a253414000 Uncommon trap: reason=unstable_if action=reinterpret pc=0x000001a266262984 method=java.lang.String.charAt(I)C @ 4 c2
Event: 0.959 Thread 0x000001a253414000 Uncommon trap: reason=unstable_fused_if action=reinterpret pc=0x000001a26625f770 method=java.util.HashMap.resize()[Ljava/util/HashMap$Node; @ 31 c2
Event: 1.764 Thread 0x000001a253414000 Uncommon trap: reason=unstable_if action=reinterpret pc=0x000001a26627218c method=java.lang.ref.SoftReference.get()Ljava/lang/Object; @ 17 c2
Event: 1.898 Thread 0x000001a253414000 Uncommon trap: reason=unstable_if action=reinterpret pc=0x000001a2662870c0 method=org.apache.tika.parser.mp3.MpegStream.findFrameSyncByte()V @ 20 c2
Event: 1.900 Thread 0x000001a253414000 Uncommon trap: reason=unstable_if action=reinterpret pc=0x000001a26627cda8 method=org.apache.tika.io.TailStream.read()I @ 7 c2
Event: 2.015 Thread 0x000001a253414000 Uncommon trap: reason=class_check action=maybe_recompile pc=0x000001a266271afc method=java.util.HashMap.getNode(ILjava/lang/Object;)Ljava/util/HashMap$Node; @ 59 c2
Event: 2.015 Thread 0x000001a253414000 Uncommon trap: reason=class_check action=maybe_recompile pc=0x000001a266271ba0 method=java.util.HashMap.getNode(ILjava/lang/Object;)Ljava/util/HashMap$Node; @ 126 c2
Event: 2.015 Thread 0x000001a253414000 Uncommon trap: reason=class_check action=maybe_recompile pc=0x000001a266271afc method=java.util.HashMap.getNode(ILjava/lang/Object;)Ljava/util/HashMap$Node; @ 59 c2
Event: 2.015 Thread 0x000001a253414000 Uncommon trap: reason=class_check action=maybe_recompile pc=0x000001a266271afc method=java.util.HashMap.getNode(ILjava/lang/Object;)Ljava/util/HashMap$Node; @ 59 c2

Classes redefined (10 events):
Event: 863.392 Thread 0x000001a27763b000 redefined class name=Model.JDBCConnectionPool, count=2
Event: 863.394 Thread 0x000001a27763b000 redefined class name=Model.CreateSongFromLocal, count=1
Event: 863.397 Thread 0x000001a27763b000 redefined class name=Model.SongFactory, count=1
Event: 863.400 Thread 0x000001a27763b000 redefined class name=Model.MP3ConcreteFactory, count=2
Event: 863.402 Thread 0x000001a27763b000 redefined class name=Model.ImportSong, count=1
Event: 863.406 Thread 0x000001a27763b000 redefined class name=Model.ImportMP3, count=2
Event: 863.408 Thread 0x000001a27763b000 redefined class name=Model.AudioParserInterface, count=1
Event: 863.411 Thread 0x000001a27763b000 redefined class name=Model.SongInterface, count=1
Event: 863.414 Thread 0x000001a27763b000 redefined class name=Model.Song, count=1
Event: 863.417 Thread 0x000001a27763b000 redefined class name=Model.AudioParser, count=2

Internal exceptions (4 events):
Event: 0.970 Thread 0x000001a253414000 Exception <a 'java/lang/NoSuchMethodError'{0x000000070d2d27f0}: method resolution failed> (0x000000070d2d27f0) thrown at [t:/workspace/open/src/hotspot/share/prims/methodHandles.cpp, line 1226]
Event: 0.986 Thread 0x000001a253414000 Exception <a 'java/lang/NoSuchMethodError'{0x000000070d2f63d0}: java.lang.invoke.DirectMethodHandle$Holder.invokeStatic(Ljava/lang/Object;Ljava/lang/Object;)I> (0x000000070d2f63d0) thrown at [t:/workspace/open/src/hotspot/share/interpreter/linkResolver.cp
Event: 1.022 Thread 0x000001a253414000 Exception <a 'java/lang/NoSuchMethodError'{0x000000070d0c00c0}: java.lang.Object.lambda$union$2(Ljava/util/regex/Pattern$CharPredicate;I)Z> (0x000000070d0c00c0) thrown at [t:/workspace/open/src/hotspot/share/interpreter/linkResolver.cpp, line 741]
Event: 1.025 Thread 0x000001a253414000 Exception <a 'java/lang/NoSuchMethodError'{0x000000070d0c7c70}: java.lang.Object.lambda$negate$3(I)Z> (0x000000070d0c7c70) thrown at [t:/workspace/open/src/hotspot/share/interpreter/linkResolver.cpp, line 741]

Events (10 events):
Event: 1029.406 Executing VM operation: ChangeBreakpoints done
Event: 1029.407 Executing VM operation: ChangeBreakpoints
Event: 1029.407 Executing VM operation: ChangeBreakpoints done
Event: 1029.407 Executing VM operation: ChangeBreakpoints
Event: 1029.407 Executing VM operation: ChangeBreakpoints done
Event: 1029.408 Executing VM operation: ChangeBreakpoints
Event: 1029.408 Executing VM operation: ChangeBreakpoints done
Event: 1029.410 Executing VM operation: ChangeBreakpoints
Event: 1029.410 Executing VM operation: ChangeBreakpoints done
Event: 1029.417 Executing VM operation: RedefineClasses


Dynamic libraries:
0x00007ff7b6010000 - 0x00007ff7b604e000 	C:\Program Files\Java\jdk-10.0.1\bin\java.exe
0x00007ff9d9990000 - 0x00007ff9d9b71000 	C:\WINDOWS\SYSTEM32\ntdll.dll
0x00007ff9d7540000 - 0x00007ff9d75f2000 	C:\WINDOWS\System32\KERNEL32.DLL
0x00007ff9d6810000 - 0x00007ff9d6a83000 	C:\WINDOWS\System32\KERNELBASE.dll
0x00007ff9d7210000 - 0x00007ff9d72b1000 	C:\WINDOWS\System32\ADVAPI32.dll
0x00007ff9d77f0000 - 0x00007ff9d788e000 	C:\WINDOWS\System32\msvcrt.dll
0x00007ff9d6e20000 - 0x00007ff9d6e7b000 	C:\WINDOWS\System32\sechost.dll
0x00007ff9d76c0000 - 0x00007ff9d77e4000 	C:\WINDOWS\System32\RPCRT4.dll
0x00007ff9d6e80000 - 0x00007ff9d7010000 	C:\WINDOWS\System32\USER32.dll
0x00007ff9d6c80000 - 0x00007ff9d6ca0000 	C:\WINDOWS\System32\win32u.dll
0x00007ff9d7010000 - 0x00007ff9d7038000 	C:\WINDOWS\System32\GDI32.dll
0x00007ff9d6670000 - 0x00007ff9d6802000 	C:\WINDOWS\System32\gdi32full.dll
0x00007ff9d5d60000 - 0x00007ff9d5dff000 	C:\WINDOWS\System32\msvcp_win.dll
0x00007ff9d6d20000 - 0x00007ff9d6e18000 	C:\WINDOWS\System32\ucrtbase.dll
0x00007ff9c8e50000 - 0x00007ff9c90b9000 	C:\WINDOWS\WinSxS\amd64_microsoft.windows.common-controls_6595b64144ccf1df_6.0.17134.648_none_fb45a0e93062a6d2\COMCTL32.dll
0x00007ff9d7890000 - 0x00007ff9d7bb2000 	C:\WINDOWS\System32\combase.dll
0x00007ff9d6ca0000 - 0x00007ff9d6d1a000 	C:\WINDOWS\System32\bcryptPrimitives.dll
0x00007ff9cf5c0000 - 0x00007ff9cf5ca000 	C:\WINDOWS\SYSTEM32\VERSION.dll
0x00007ff9d71e0000 - 0x00007ff9d720d000 	C:\WINDOWS\System32\IMM32.DLL
0x00007ff9d4e40000 - 0x00007ff9d4e71000 	C:\WINDOWS\SYSTEM32\ntmarta.dll
0x00007ff9d5bd0000 - 0x00007ff9d5c00000 	C:\WINDOWS\SYSTEM32\SspiCli.dll
0x00007ff9bae10000 - 0x00007ff9baeff000 	C:\Program Files\Java\jdk-10.0.1\bin\msvcr120.dll
0x00007ff9c0e10000 - 0x00007ff9c0eb6000 	C:\Program Files\Java\jdk-10.0.1\bin\msvcp120.dll
0x0000000056a70000 - 0x00000000574e0000 	C:\Program Files\Java\jdk-10.0.1\bin\server\jvm.dll
0x00007ff9d9140000 - 0x00007ff9d9148000 	C:\WINDOWS\System32\PSAPI.DLL
0x00007ff9d4cf0000 - 0x00007ff9d4cf9000 	C:\WINDOWS\SYSTEM32\WSOCK32.dll
0x00007ff9d90d0000 - 0x00007ff9d913c000 	C:\WINDOWS\System32\WS2_32.dll
0x00007ff9d3880000 - 0x00007ff9d38a3000 	C:\WINDOWS\SYSTEM32\WINMM.dll
0x00007ff9d27f0000 - 0x00007ff9d281a000 	C:\WINDOWS\SYSTEM32\WINMMBASE.dll
0x00007ff9d5e00000 - 0x00007ff9d5e49000 	C:\WINDOWS\System32\cfgmgr32.dll
0x00007ff9d18f0000 - 0x00007ff9d18ff000 	C:\Program Files\Java\jdk-10.0.1\bin\verify.dll
0x00007ff9d46e0000 - 0x00007ff9d48a9000 	C:\WINDOWS\SYSTEM32\DBGHELP.DLL
0x00007ff9c4490000 - 0x00007ff9c44b9000 	C:\WINDOWS\SYSTEM32\dbgcore.DLL
0x00007ff9c0f70000 - 0x00007ff9c0f97000 	C:\Program Files\Java\jdk-10.0.1\bin\java.dll
0x00007ff9c0f30000 - 0x00007ff9c0f66000 	C:\Program Files\Java\jdk-10.0.1\bin\jdwp.dll
0x00007ff9c0da0000 - 0x00007ff9c0dca000 	C:\Program Files\Java\jdk-10.0.1\bin\instrument.dll
0x00007ff9c3030000 - 0x00007ff9c3046000 	C:\Program Files\Java\jdk-10.0.1\bin\zip.dll
0x00007ff9c9390000 - 0x00007ff9c939a000 	C:\Program Files\Java\jdk-10.0.1\bin\jimage.dll
0x00007ff9d7c90000 - 0x00007ff9d90d0000 	C:\WINDOWS\System32\SHELL32.dll
0x00007ff9d7040000 - 0x00007ff9d70e9000 	C:\WINDOWS\System32\shcore.dll
0x00007ff9d5eb0000 - 0x00007ff9d65bd000 	C:\WINDOWS\System32\windows.storage.dll
0x00007ff9d7340000 - 0x00007ff9d7391000 	C:\WINDOWS\System32\shlwapi.dll
0x00007ff9d5cf0000 - 0x00007ff9d5d01000 	C:\WINDOWS\System32\kernel.appcore.dll
0x00007ff9d5d20000 - 0x00007ff9d5d3f000 	C:\WINDOWS\System32\profapi.dll
0x00007ff9d5ca0000 - 0x00007ff9d5cec000 	C:\WINDOWS\System32\powrprof.dll
0x00007ff9d5d10000 - 0x00007ff9d5d1a000 	C:\WINDOWS\System32\FLTLIB.DLL
0x00007ff9c0f20000 - 0x00007ff9c0f2a000 	C:\Program Files\Java\jdk-10.0.1\bin\dt_socket.dll
0x00007ff9d5520000 - 0x00007ff9d5586000 	C:\WINDOWS\system32\mswsock.dll
0x00007ff9c2390000 - 0x00007ff9c23aa000 	C:\Program Files\Java\jdk-10.0.1\bin\net.dll
0x00007ff9cafe0000 - 0x00007ff9cb0bd000 	C:\WINDOWS\SYSTEM32\WINHTTP.dll
0x00007ff9c1770000 - 0x00007ff9c1781000 	C:\Program Files\Java\jdk-10.0.1\bin\nio.dll

dbghelp: loaded successfully - version: 4.0.5 - missing functions: none
symbol engine: initialized successfully - sym options: 0x614 - pdb path: .;C:\Program Files\Java\jdk-10.0.1\bin;C:\WINDOWS\SYSTEM32;C:\WINDOWS\WinSxS\amd64_microsoft.windows.common-controls_6595b64144ccf1df_6.0.17134.648_none_fb45a0e93062a6d2;C:\Program Files\Java\jdk-10.0.1\bin\server

VM Arguments:
jvm_args: -agentlib:jdwp=transport=dt_socket,address=127.0.0.1:51697,suspend=y,server=n -javaagent:C:\Users\erwin\.IdeaIC2018.2\system\captureAgent\debugger-agent.jar=file:/C:/Users/erwin/AppData/Local/Temp/capture.props -Dfile.encoding=UTF-8 
java_command: Model.AudioParser
java_class_path (initial): C:\Users\erwin\Desktop\SWDESPA DC2\SWDESPADC2\out\production\MusicPlayer;C:\Users\erwin\Desktop\SWDESPA DC2\SWDESPADC2\src\Lib\tika-core-1.4.jar;C:\Users\erwin\Desktop\SWDESPA DC2\SWDESPADC2\src\Lib\tika-parsers-1.4.jar;C:\Users\erwin\Desktop\SWDESPA DC2\SWDESPADC2\src\Lib\jl1.0.1.jar;C:\Users\erwin\Desktop\SWDESPA DC2\SWDESPADC2\src\Lib\mysql-connector-java-8.0.12.jar;C:\Users\erwin\AppData\Roaming\JetBrains\IntelliJ IDEA Community Edition 2018.2\lib\idea_rt.jar
Launcher Type: SUN_STANDARD

Logging:
Log output configuration:
#0: stdout all=warning uptime,level,tags
#1: stderr all=off uptime,level,tags

Environment Variables:
PATH=C:\Program Files (x86)\Common Files\Oracle\Java\javapath;C:\Program Files (x86)\Intel\iCLS Client\;C:\Program Files\Intel\iCLS Client\;C:\Windows\system32;C:\Windows;C:\Windows\System32\Wbem;C:\Windows\System32\WindowsPowerShell\v1.0\;C:\Program Files (x86)\Intel\Intel(R) Management Engine Components\DAL;C:\Program Files\Intel\Intel(R) Management Engine Components\DAL;C:\Program Files (x86)\Intel\Intel(R) Management Engine Components\IPT;C:\Program Files\Intel\Intel(R) Management Engine Components\IPT;C:\Program Files (x86)\NVIDIA Corporation\PhysX\Common;C:\WINDOWS\system32;C:\WINDOWS;C:\WINDOWS\System32\Wbem;C:\Program Files (x86)\Dev-Cpp\MinGW64\bin;C:\WINDOWS\System32\WindowsPowerShell\v1.0\;C:\Program Files\Java\jdk-10.0.1\bin;C:\WINDOWS\System32\OpenSSH\;C:\Program Files\Git\cmd;C:\Users\erwin\AppData\Local\Microsoft\WindowsApps;;C:\Users\erwin\AppData\Local\Programs\Microsoft VS Code\bin
USERNAME=erwin
OS=Windows_NT
PROCESSOR_IDENTIFIER=Intel64 Family 6 Model 61 Stepping 4, GenuineIntel



---------------  S Y S T E M  ---------------

OS: Windows 10 , 64 bit Build 17134 (10.0.17134.648)

CPU:total 4 (initial active 4) (2 cores per cpu, 2 threads per core) family 6 model 61 stepping 4, cmov, cx8, fxsr, mmx, sse, sse2, sse3, ssse3, sse4.1, sse4.2, popcnt, avx, avx2, aes, clmul, erms, 3dnowpref, lzcnt, ht, tsc, tscinvbit, bmi1, bmi2, adx, fma

Memory: 4k page, physical 12482976k(6326984k free), swap 14711200k(5735180k free)

vm_info: Java HotSpot(TM) 64-Bit Server VM (10.0.1+10) for windows-amd64 JRE (10.0.1+10), built on Mar 27 2018 02:27:48 by "mach5one" with MS VC++ 12.0 (VS2013)

END.
